0 info it worked if it ends with ok
1 verbose cli [
1 verbose cli   'C:\\Program Files\\nodejs\\node.exe',
1 verbose cli   'C:\\Users\\Ralph\\node_modules\\npm\\bin\\npm-cli.js',
1 verbose cli   'ls',
1 verbose cli   '@scarf/scarf',
1 verbose cli   '--json',
1 verbose cli   '--long'
1 verbose cli ]
2 info using npm@2.15.12
3 info using node@v22.14.0
4 error extraneous: @scarf/scarf@1.4.0 C:\Users\Ralph\Desktop\All Files\Project 404\student-information-system\backend\node_modules\@scarf\scarf
5 verbose exit [ 1, true ]
6 verbose stack Error: EPIPE: broken pipe, write
6 verbose stack     at Socket._write (node:internal/net:63:18)
6 verbose stack     at writeOrBuffer (node:internal/streams/writable:572:12)
6 verbose stack     at _write (node:internal/streams/writable:501:10)
6 verbose stack     at Writable.write (node:internal/streams/writable:510:10)
6 verbose stack     at stream.write (C:\Users\Ralph\node_modules\npm\node_modules\ansi\lib\newlines.js:36:21)
6 verbose stack     at Cursor.write (C:\Users\Ralph\node_modules\npm\node_modules\ansi\lib\ansi.js:157:23)
6 verbose stack     at log.write (C:\Users\Ralph\node_modules\npm\node_modules\npmlog\log.js:218:15)
6 verbose stack     at EventEmitter.<anonymous> (C:\Users\Ralph\node_modules\npm\node_modules\npmlog\log.js:189:12)
6 verbose stack     at Array.forEach (<anonymous>)
6 verbose stack     at log.emitLog (C:\Users\Ralph\node_modules\npm\node_modules\npmlog\log.js:187:28)
7 verbose cwd C:\Users\Ralph\Desktop\All Files\Project 404\student-information-system\backend
8 error Windows_NT 10.0.19042
9 error argv "C:\\Program Files\\nodejs\\node.exe" "C:\\Users\\Ralph\\node_modules\\npm\\bin\\npm-cli.js" "ls" "@scarf/scarf" "--json" "--long"
10 error node v22.14.0
11 error npm  v2.15.12
12 error code EPIPE
13 error errno -4047
14 error syscall write
15 error EPIPE: broken pipe, write
16 error If you need help, you may report this error at:
16 error     <https://github.com/npm/npm/issues>
17 verbose exit [ -4047, true ]
